Using pre-set license
Built from '2020.3/staging' branch; Version is '2020.3.0f1 (c7b5465681fb) revision 13088070'; Using compiler version '192528614'; Build Type 'Release'
OS: 'Windows 10 Home; OS build 19042.1165; Version 2009; 64bit' Language: 'en' Physical Memory: 16250 MB
BatchMode: 1, IsHumanControllingUs: 0, StartBugReporterOnCrash: 0, Is64bit: 1, IsPro: 0

 COMMAND LINE ARGUMENTS:
C:\Program Files\Unity\Hub\Editor\2020.3.0f1\Editor\Unity.exe
-adb2
-batchMode
-noUpm
-name
AssetImportWorker0
-projectPath
D:/Users/diego/Documents/Facultad/2021/pm_iv/3D_Experience/3d_experience
-logFile
Logs/AssetImportWorker0.log
-srvPort
54348
Successfully changed project path to: D:/Users/diego/Documents/Facultad/2021/pm_iv/3D_Experience/3d_experience
D:/Users/diego/Documents/Facultad/2021/pm_iv/3D_Experience/3d_experience
Using Asset Import Pipeline V2.
Refreshing native plugins compatible for Editor in 55.06 ms, found 0 plugins.
Preloading 0 native plugins for Editor in 0.00 ms.
Initialize engine version: 2020.3.0f1 (c7b5465681fb)
[Subsystems] Discovering subsystems at path C:/Program Files/Unity/Hub/Editor/2020.3.0f1/Editor/Data/Resources/UnitySubsystems
[Subsystems] Discovering subsystems at path D:/Users/diego/Documents/Facultad/2021/pm_iv/3D_Experience/3d_experience/Assets
GfxDevice: creating device client; threaded=0
Direct3D:
    Version:  Direct3D 11.0 [level 11.0]
    Renderer: NVIDIA GeForce 940MX (ID=0x134d)
    Vendor:   
    VRAM:     2010 MB
    Driver:   27.21.14.6109
Initialize mono
Mono path[0] = 'C:/Program Files/Unity/Hub/Editor/2020.3.0f1/Editor/Data/Managed'
Mono path[1] = 'C:/Program Files/Unity/Hub/Editor/2020.3.0f1/Editor/Data/MonoBleedingEdge/lib/mono/unityjit'
Mono config path = 'C:/Program Files/Unity/Hub/Editor/2020.3.0f1/Editor/Data/MonoBleedingEdge/etc'
Using monoOptions --debugger-agent=transport=dt_socket,embedding=1,server=y,suspend=n,address=127.0.0.1:56568
Begin MonoManager ReloadAssembly
Registering precompiled unity dll's ...
Register platform support module: C:/Program Files/Unity/Hub/Editor/2020.3.0f1/Editor/Data/PlaybackEngines/WebGLSupport/UnityEditor.WebGL.Extensions.dll
Register platform support module: C:/Program Files/Unity/Hub/Editor/2020.3.0f1/Editor/Data/PlaybackEngines/WindowsStandaloneSupport/UnityEditor.WindowsStandalone.Extensions.dll
Registered in 0.002982 seconds.
Native extension for WindowsStandalone target not found
Native extension for WebGL target not found
Refreshing native plugins compatible for Editor in 39.56 ms, found 0 plugins.
Preloading 0 native plugins for Editor in 0.00 ms.
Invoked RoslynAnalysisRunner static constructor.
RoslynAnalysisRunner will not be running.
RoslynAnalysisRunner has terminated.
Mono: successfully reloaded assembly
- Completed reload, in  1.884 seconds
Platform modules already initialized, skipping
Registering precompiled user dll's ...
Registered in 0.000790 seconds.
Begin MonoManager ReloadAssembly
Native extension for WindowsStandalone target not found
Native extension for WebGL target not found
Refreshing native plugins compatible for Editor in 0.33 ms, found 0 plugins.
Preloading 0 native plugins for Editor in 0.00 ms.
Invoked RoslynAnalysisRunner static constructor.
RoslynAnalysisRunner will not be running.
RoslynAnalysisRunner has terminated.
Mono: successfully reloaded assembly
- Completed reload, in  2.027 seconds
Platform modules already initialized, skipping
========================================================================
Worker process is ready to serve import requests
Launched and connected shader compiler UnityShaderCompiler.exe after 0.10 seconds
Refreshing native plugins compatible for Editor in 0.29 ms, found 0 plugins.
Preloading 0 native plugins for Editor in 0.00 ms.
Unloading 1161 Unused Serialized files (Serialized files now loaded: 0)
System memory in use before: 58.9 MB.
System memory in use after: 58.9 MB.

Unloading 10 unused Assets to reduce memory usage. Loaded Objects now: 1604.
Total: 3.033600 ms (FindLiveObjects: 0.714300 ms CreateObjectMapping: 0.198000 ms MarkObjects: 1.956300 ms  DeleteObjects: 0.162700 ms)

========================================================================
Received Import Request.
  path: Assets/Scripts/Key.cs
  artifactKey: Guid(5bbfea0cf71346948af35c3f3af4825b) Importer(815301076,1909f56bfc062723c751e8b465ee728b)
Start importing Assets/Scripts/Key.cs using Guid(5bbfea0cf71346948af35c3f3af4825b) Importer(815301076,1909f56bfc062723c751e8b465ee728b)  -> (artifact id: '98567baeb7cf5a21b30b901bb2e49e23') in 0.064881 seconds
  Import took 0.068203 seconds .

========================================================================
Received Prepare
Registering precompiled user dll's ...
Registered in 0.001546 seconds.
Begin MonoManager ReloadAssembly
Native extension for WindowsStandalone target not found
Native extension for WebGL target not found
Refreshing native plugins compatible for Editor in 0.22 ms, found 0 plugins.
Preloading 0 native plugins for Editor in 0.00 ms.
Invoked RoslynAnalysisRunner static constructor.
RoslynAnalysisRunner will not be running.
RoslynAnalysisRunner has terminated.
Mono: successfully reloaded assembly
- Completed reload, in  2.737 seconds
Platform modules already initialized, skipping
Refreshing native plugins compatible for Editor in 0.25 ms, found 0 plugins.
Preloading 0 native plugins for Editor in 0.00 ms.
Unloading 1156 Unused Serialized files (Serialized files now loaded: 0)
System memory in use before: 58.8 MB.
System memory in use after: 58.9 MB.

Unloading 5 unused Assets to reduce memory usage. Loaded Objects now: 1607.
Total: 4.258700 ms (FindLiveObjects: 0.283600 ms CreateObjectMapping: 0.096100 ms MarkObjects: 3.783700 ms  DeleteObjects: 0.092200 ms)

========================================================================
Received Prepare
Registering precompiled user dll's ...
Registered in 0.002920 seconds.
Begin MonoManager ReloadAssembly
Native extension for WindowsStandalone target not found
Native extension for WebGL target not found
Refreshing native plugins compatible for Editor in 0.44 ms, found 0 plugins.
Preloading 0 native plugins for Editor in 0.00 ms.
Invoked RoslynAnalysisRunner static constructor.
RoslynAnalysisRunner will not be running.
RoslynAnalysisRunner has terminated.
Mono: successfully reloaded assembly
- Completed reload, in  2.135 seconds
Platform modules already initialized, skipping
Refreshing native plugins compatible for Editor in 0.44 ms, found 0 plugins.
Preloading 0 native plugins for Editor in 0.00 ms.
Unloading 1156 Unused Serialized files (Serialized files now loaded: 0)
System memory in use before: 58.8 MB.
System memory in use after: 58.9 MB.

Unloading 5 unused Assets to reduce memory usage. Loaded Objects now: 1610.
Total: 4.809500 ms (FindLiveObjects: 0.358400 ms CreateObjectMapping: 0.141800 ms MarkObjects: 4.211500 ms  DeleteObjects: 0.094000 ms)

========================================================================
Received Prepare
Registering precompiled user dll's ...
Registered in 0.000679 seconds.
Begin MonoManager ReloadAssembly
Native extension for WindowsStandalone target not found
Native extension for WebGL target not found
Refreshing native plugins compatible for Editor in 0.26 ms, found 0 plugins.
Preloading 0 native plugins for Editor in 0.00 ms.
Invoked RoslynAnalysisRunner static constructor.
RoslynAnalysisRunner will not be running.
RoslynAnalysisRunner has terminated.
Mono: successfully reloaded assembly
- Completed reload, in  1.578 seconds
Platform modules already initialized, skipping
Refreshing native plugins compatible for Editor in 0.34 ms, found 0 plugins.
Preloading 0 native plugins for Editor in 0.00 ms.
Unloading 1156 Unused Serialized files (Serialized files now loaded: 0)
System memory in use before: 58.9 MB.
System memory in use after: 58.9 MB.

Unloading 5 unused Assets to reduce memory usage. Loaded Objects now: 1613.
Total: 2.969800 ms (FindLiveObjects: 0.294000 ms CreateObjectMapping: 0.067700 ms MarkObjects: 2.495200 ms  DeleteObjects: 0.105300 ms)

========================================================================
Received Import Request.
  Time since last request: 642.059667 seconds.
  path: Assets/Scripts/Character.cs
  artifactKey: Guid(15c5b5e66e5359141a055a9cc01a4a10) Importer(815301076,1909f56bfc062723c751e8b465ee728b)
Start importing Assets/Scripts/Character.cs using Guid(15c5b5e66e5359141a055a9cc01a4a10) Importer(815301076,1909f56bfc062723c751e8b465ee728b)  -> (artifact id: '3f88a46686ad7a1ed756ab6f3a5337b0') in 0.013147 seconds
  Import took 0.017493 seconds .

========================================================================
Received Prepare
Registering precompiled user dll's ...
Registered in 0.001217 seconds.
Begin MonoManager ReloadAssembly
Native extension for WindowsStandalone target not found
Native extension for WebGL target not found
Refreshing native plugins compatible for Editor in 0.43 ms, found 0 plugins.
Preloading 0 native plugins for Editor in 0.00 ms.
Invoked RoslynAnalysisRunner static constructor.
RoslynAnalysisRunner will not be running.
RoslynAnalysisRunner has terminated.
Mono: successfully reloaded assembly
- Completed reload, in  1.754 seconds
Platform modules already initialized, skipping
Refreshing native plugins compatible for Editor in 0.21 ms, found 0 plugins.
Preloading 0 native plugins for Editor in 0.00 ms.
Unloading 1156 Unused Serialized files (Serialized files now loaded: 0)
System memory in use before: 58.9 MB.
System memory in use after: 58.9 MB.

Unloading 5 unused Assets to reduce memory usage. Loaded Objects now: 1616.
Total: 3.995500 ms (FindLiveObjects: 0.314700 ms CreateObjectMapping: 0.137600 ms MarkObjects: 3.473800 ms  DeleteObjects: 0.066800 ms)

========================================================================
Received Import Request.
  Time since last request: 151.185966 seconds.
  path: Assets/Scripts/Coin.cs
  artifactKey: Guid(2f14198fe8a79d140ab0cb97a5bf75cf) Importer(815301076,1909f56bfc062723c751e8b465ee728b)
Start importing Assets/Scripts/Coin.cs using Guid(2f14198fe8a79d140ab0cb97a5bf75cf) Importer(815301076,1909f56bfc062723c751e8b465ee728b)  -> (artifact id: 'd0254c193e37de8487f36762389827fc') in 0.022996 seconds
  Import took 0.026301 seconds .

========================================================================
Received Import Request.
  Time since last request: 209.601117 seconds.
  path: Assets/Scripts/InteractiveObject.cs
  artifactKey: Guid(95b8a46876711d8469298d639a272f1e) Importer(815301076,1909f56bfc062723c751e8b465ee728b)
Start importing Assets/Scripts/InteractiveObject.cs using Guid(95b8a46876711d8469298d639a272f1e) Importer(815301076,1909f56bfc062723c751e8b465ee728b)  -> (artifact id: '6896f8e60b18b1c3be4f121b2fbc4912') in 0.024994 seconds
  Import took 0.031262 seconds .

========================================================================
Received Prepare
Registering precompiled user dll's ...
Registered in 0.001266 seconds.
Begin MonoManager ReloadAssembly
Native extension for WindowsStandalone target not found
Native extension for WebGL target not found
Refreshing native plugins compatible for Editor in 0.45 ms, found 0 plugins.
Preloading 0 native plugins for Editor in 0.00 ms.
Invoked RoslynAnalysisRunner static constructor.
RoslynAnalysisRunner will not be running.
RoslynAnalysisRunner has terminated.
Mono: successfully reloaded assembly
- Completed reload, in  2.657 seconds
Platform modules already initialized, skipping
Refreshing native plugins compatible for Editor in 1.65 ms, found 0 plugins.
Preloading 0 native plugins for Editor in 0.00 ms.
Unloading 1156 Unused Serialized files (Serialized files now loaded: 0)
System memory in use before: 58.9 MB.
System memory in use after: 59.0 MB.

Unloading 5 unused Assets to reduce memory usage. Loaded Objects now: 1619.
Total: 5.994300 ms (FindLiveObjects: 1.226900 ms CreateObjectMapping: 0.146900 ms MarkObjects: 4.528700 ms  DeleteObjects: 0.088900 ms)

========================================================================
Received Prepare
Registering precompiled user dll's ...
Registered in 0.001802 seconds.
Begin MonoManager ReloadAssembly
Native extension for WindowsStandalone target not found
Native extension for WebGL target not found
Refreshing native plugins compatible for Editor in 0.55 ms, found 0 plugins.
Preloading 0 native plugins for Editor in 0.00 ms.
Invoked RoslynAnalysisRunner static constructor.
RoslynAnalysisRunner will not be running.
RoslynAnalysisRunner has terminated.
Mono: successfully reloaded assembly
- Completed reload, in  3.164 seconds
Platform modules already initialized, skipping
Refreshing native plugins compatible for Editor in 0.66 ms, found 0 plugins.
Preloading 0 native plugins for Editor in 0.00 ms.
Unloading 1156 Unused Serialized files (Serialized files now loaded: 0)
System memory in use before: 58.9 MB.
System memory in use after: 59.0 MB.

Unloading 5 unused Assets to reduce memory usage. Loaded Objects now: 1622.
Total: 4.422400 ms (FindLiveObjects: 0.259000 ms CreateObjectMapping: 0.086600 ms MarkObjects: 3.994000 ms  DeleteObjects: 0.080600 ms)

========================================================================
Received Prepare
Registering precompiled user dll's ...
Registered in 0.001709 seconds.
Begin MonoManager ReloadAssembly
Native extension for WindowsStandalone target not found
Native extension for WebGL target not found
Refreshing native plugins compatible for Editor in 3.21 ms, found 0 plugins.
Preloading 0 native plugins for Editor in 0.00 ms.
Invoked RoslynAnalysisRunner static constructor.
RoslynAnalysisRunner will not be running.
RoslynAnalysisRunner has terminated.
Mono: successfully reloaded assembly
- Completed reload, in  2.205 seconds
Platform modules already initialized, skipping
Refreshing native plugins compatible for Editor in 0.90 ms, found 0 plugins.
Preloading 0 native plugins for Editor in 0.00 ms.
Unloading 1156 Unused Serialized files (Serialized files now loaded: 0)
System memory in use before: 58.9 MB.
System memory in use after: 59.0 MB.

Unloading 5 unused Assets to reduce memory usage. Loaded Objects now: 1625.
Total: 4.576900 ms (FindLiveObjects: 0.274300 ms CreateObjectMapping: 0.096200 ms MarkObjects: 4.120500 ms  DeleteObjects: 0.084100 ms)

========================================================================
Received Prepare
Registering precompiled user dll's ...
Registered in 0.001074 seconds.
Begin MonoManager ReloadAssembly
Native extension for WindowsStandalone target not found
Native extension for WebGL target not found
Refreshing native plugins compatible for Editor in 0.29 ms, found 0 plugins.
Preloading 0 native plugins for Editor in 0.00 ms.
Invoked RoslynAnalysisRunner static constructor.
RoslynAnalysisRunner will not be running.
RoslynAnalysisRunner has terminated.
Mono: successfully reloaded assembly
- Completed reload, in  4.472 seconds
Platform modules already initialized, skipping
Refreshing native plugins compatible for Editor in 0.63 ms, found 0 plugins.
Preloading 0 native plugins for Editor in 0.00 ms.
Unloading 1156 Unused Serialized files (Serialized files now loaded: 0)
System memory in use before: 58.9 MB.
System memory in use after: 59.0 MB.

Unloading 5 unused Assets to reduce memory usage. Loaded Objects now: 1628.
Total: 8.380000 ms (FindLiveObjects: 0.348900 ms CreateObjectMapping: 0.109900 ms MarkObjects: 7.802600 ms  DeleteObjects: 0.116400 ms)

========================================================================
Received Import Request.
  Time since last request: 303.025311 seconds.
  path: Assets/Scripts/InputManager.cs
  artifactKey: Guid(bb115418171cbfb42859449627bc8050) Importer(815301076,1909f56bfc062723c751e8b465ee728b)
Start importing Assets/Scripts/InputManager.cs using Guid(bb115418171cbfb42859449627bc8050) Importer(815301076,1909f56bfc062723c751e8b465ee728b)  -> (artifact id: '282f38daf2511a255fc16749090b0074') in 0.017182 seconds
  Import took 0.022232 seconds .

========================================================================
Received Import Request.
  Time since last request: 24.630053 seconds.
  path: Assets/Scripts/InputManager.cs
  artifactKey: Guid(bb115418171cbfb42859449627bc8050) Importer(815301076,1909f56bfc062723c751e8b465ee728b)
Start importing Assets/Scripts/InputManager.cs using Guid(bb115418171cbfb42859449627bc8050) Importer(815301076,1909f56bfc062723c751e8b465ee728b)  -> (artifact id: '5f7d81b4f8a7063d05f9c0053b7c034c') in 0.019366 seconds
  Import took 0.028817 seconds .

========================================================================
Received Prepare
Registering precompiled user dll's ...
Registered in 0.001324 seconds.
Begin MonoManager ReloadAssembly
Native extension for WindowsStandalone target not found
Native extension for WebGL target not found
Refreshing native plugins compatible for Editor in 0.98 ms, found 0 plugins.
Preloading 0 native plugins for Editor in 0.00 ms.
Invoked RoslynAnalysisRunner static constructor.
RoslynAnalysisRunner will not be running.
RoslynAnalysisRunner has terminated.
Mono: successfully reloaded assembly
- Completed reload, in  3.777 seconds
Platform modules already initialized, skipping
Refreshing native plugins compatible for Editor in 0.43 ms, found 0 plugins.
Preloading 0 native plugins for Editor in 0.00 ms.
Unloading 1156 Unused Serialized files (Serialized files now loaded: 0)
System memory in use before: 58.9 MB.
System memory in use after: 59.0 MB.

Unloading 5 unused Assets to reduce memory usage. Loaded Objects now: 1631.
Total: 5.706800 ms (FindLiveObjects: 0.437100 ms CreateObjectMapping: 0.066100 ms MarkObjects: 5.115700 ms  DeleteObjects: 0.084700 ms)

========================================================================
Received Import Request.
  Time since last request: 35.717092 seconds.
  path: Assets/Scripts/InputManager.cs
  artifactKey: Guid(bb115418171cbfb42859449627bc8050) Importer(815301076,1909f56bfc062723c751e8b465ee728b)
Start importing Assets/Scripts/InputManager.cs using Guid(bb115418171cbfb42859449627bc8050) Importer(815301076,1909f56bfc062723c751e8b465ee728b)  -> (artifact id: 'd031cb718afa554991d854ffbc6c794c') in 0.037049 seconds
  Import took 0.043724 seconds .

========================================================================
Received Prepare
Registering precompiled user dll's ...
Registered in 0.003503 seconds.
Begin MonoManager ReloadAssembly
Native extension for WindowsStandalone target not found
Native extension for WebGL target not found
Refreshing native plugins compatible for Editor in 0.42 ms, found 0 plugins.
Preloading 0 native plugins for Editor in 0.00 ms.
Invoked RoslynAnalysisRunner static constructor.
RoslynAnalysisRunner will not be running.
RoslynAnalysisRunner has terminated.
Mono: successfully reloaded assembly
- Completed reload, in  2.324 seconds
Platform modules already initialized, skipping
Refreshing native plugins compatible for Editor in 0.42 ms, found 0 plugins.
Preloading 0 native plugins for Editor in 0.00 ms.
Unloading 1156 Unused Serialized files (Serialized files now loaded: 0)
System memory in use before: 58.9 MB.
System memory in use after: 59.0 MB.

Unloading 5 unused Assets to reduce memory usage. Loaded Objects now: 1634.
Total: 4.171600 ms (FindLiveObjects: 0.703800 ms CreateObjectMapping: 0.134200 ms MarkObjects: 3.240100 ms  DeleteObjects: 0.088300 ms)

========================================================================
Received Prepare
Registering precompiled user dll's ...
Registered in 0.001664 seconds.
Begin MonoManager ReloadAssembly
Native extension for WindowsStandalone target not found
Native extension for WebGL target not found
Refreshing native plugins compatible for Editor in 0.48 ms, found 0 plugins.
Preloading 0 native plugins for Editor in 0.00 ms.
Invoked RoslynAnalysisRunner static constructor.
RoslynAnalysisRunner will not be running.
RoslynAnalysisRunner has terminated.
Mono: successfully reloaded assembly
- Completed reload, in  3.731 seconds
Platform modules already initialized, skipping
Refreshing native plugins compatible for Editor in 0.94 ms, found 0 plugins.
Preloading 0 native plugins for Editor in 0.00 ms.
Unloading 1156 Unused Serialized files (Serialized files now loaded: 0)
System memory in use before: 58.9 MB.
System memory in use after: 59.0 MB.

Unloading 5 unused Assets to reduce memory usage. Loaded Objects now: 1637.
Total: 8.203600 ms (FindLiveObjects: 0.643400 ms CreateObjectMapping: 0.668400 ms MarkObjects: 6.781400 ms  DeleteObjects: 0.106500 ms)

========================================================================
Received Prepare
Registering precompiled user dll's ...
Registered in 0.001080 seconds.
Begin MonoManager ReloadAssembly
Native extension for WindowsStandalone target not found
Native extension for WebGL target not found
Refreshing native plugins compatible for Editor in 0.40 ms, found 0 plugins.
Preloading 0 native plugins for Editor in 0.00 ms.
Invoked RoslynAnalysisRunner static constructor.
RoslynAnalysisRunner will not be running.
RoslynAnalysisRunner has terminated.
Mono: successfully reloaded assembly
- Completed reload, in  2.326 seconds
Platform modules already initialized, skipping
Refreshing native plugins compatible for Editor in 0.39 ms, found 0 plugins.
Preloading 0 native plugins for Editor in 0.00 ms.
Unloading 1156 Unused Serialized files (Serialized files now loaded: 0)
System memory in use before: 58.9 MB.
System memory in use after: 59.0 MB.

Unloading 5 unused Assets to reduce memory usage. Loaded Objects now: 1640.
Total: 2.839600 ms (FindLiveObjects: 0.178500 ms CreateObjectMapping: 0.060400 ms MarkObjects: 2.534600 ms  DeleteObjects: 0.064400 ms)

========================================================================
Received Prepare
Registering precompiled user dll's ...
Registered in 0.001159 seconds.
Begin MonoManager ReloadAssembly
Native extension for WindowsStandalone target not found
Native extension for WebGL target not found
Refreshing native plugins compatible for Editor in 0.36 ms, found 0 plugins.
Preloading 0 native plugins for Editor in 0.00 ms.
Invoked RoslynAnalysisRunner static constructor.
RoslynAnalysisRunner will not be running.
RoslynAnalysisRunner has terminated.
Mono: successfully reloaded assembly
- Completed reload, in  2.251 seconds
Platform modules already initialized, skipping
Refreshing native plugins compatible for Editor in 0.27 ms, found 0 plugins.
Preloading 0 native plugins for Editor in 0.00 ms.
Unloading 1156 Unused Serialized files (Serialized files now loaded: 0)
System memory in use before: 58.9 MB.
System memory in use after: 59.0 MB.

Unloading 5 unused Assets to reduce memory usage. Loaded Objects now: 1643.
Total: 4.967200 ms (FindLiveObjects: 0.278800 ms CreateObjectMapping: 0.106500 ms MarkObjects: 4.516200 ms  DeleteObjects: 0.063300 ms)

========================================================================
Received Prepare
Registering precompiled user dll's ...
Registered in 0.002590 seconds.
Begin MonoManager ReloadAssembly
Native extension for WindowsStandalone target not found
Native extension for WebGL target not found
Refreshing native plugins compatible for Editor in 0.34 ms, found 0 plugins.
Preloading 0 native plugins for Editor in 0.00 ms.
Invoked RoslynAnalysisRunner static constructor.
RoslynAnalysisRunner will not be running.
RoslynAnalysisRunner has terminated.
Mono: successfully reloaded assembly
- Completed reload, in  2.246 seconds
Platform modules already initialized, skipping
Refreshing native plugins compatible for Editor in 0.30 ms, found 0 plugins.
Preloading 0 native plugins for Editor in 0.00 ms.
Unloading 1156 Unused Serialized files (Serialized files now loaded: 0)
System memory in use before: 58.9 MB.
System memory in use after: 59.0 MB.

Unloading 5 unused Assets to reduce memory usage. Loaded Objects now: 1646.
Total: 8.120600 ms (FindLiveObjects: 0.508900 ms CreateObjectMapping: 0.702500 ms MarkObjects: 6.822100 ms  DeleteObjects: 0.084700 ms)

========================================================================
Received Prepare
Registering precompiled user dll's ...
Registered in 0.001200 seconds.
Begin MonoManager ReloadAssembly
Native extension for WindowsStandalone target not found
Native extension for WebGL target not found
Refreshing native plugins compatible for Editor in 0.88 ms, found 0 plugins.
Preloading 0 native plugins for Editor in 0.00 ms.
Invoked RoslynAnalysisRunner static constructor.
RoslynAnalysisRunner will not be running.
RoslynAnalysisRunner has terminated.
Mono: successfully reloaded assembly
- Completed reload, in  2.151 seconds
Platform modules already initialized, skipping
Refreshing native plugins compatible for Editor in 0.46 ms, found 0 plugins.
Preloading 0 native plugins for Editor in 0.00 ms.
Unloading 1156 Unused Serialized files (Serialized files now loaded: 0)
System memory in use before: 58.9 MB.
System memory in use after: 59.0 MB.

Unloading 5 unused Assets to reduce memory usage. Loaded Objects now: 1649.
Total: 6.113200 ms (FindLiveObjects: 0.333400 ms CreateObjectMapping: 1.114300 ms MarkObjects: 4.582200 ms  DeleteObjects: 0.081200 ms)

========================================================================
Received Prepare
Registering precompiled user dll's ...
Registered in 0.002180 seconds.
Begin MonoManager ReloadAssembly
Native extension for WindowsStandalone target not found
Native extension for WebGL target not found
Refreshing native plugins compatible for Editor in 0.58 ms, found 0 plugins.
Preloading 0 native plugins for Editor in 0.00 ms.
Invoked RoslynAnalysisRunner static constructor.
RoslynAnalysisRunner will not be running.
RoslynAnalysisRunner has terminated.
Mono: successfully reloaded assembly
- Completed reload, in  2.372 seconds
Platform modules already initialized, skipping
Refreshing native plugins compatible for Editor in 0.42 ms, found 0 plugins.
Preloading 0 native plugins for Editor in 0.00 ms.
Unloading 1156 Unused Serialized files (Serialized files now loaded: 0)
System memory in use before: 58.9 MB.
System memory in use after: 59.0 MB.

Unloading 5 unused Assets to reduce memory usage. Loaded Objects now: 1652.
Total: 4.301400 ms (FindLiveObjects: 0.319600 ms CreateObjectMapping: 0.065600 ms MarkObjects: 3.833500 ms  DeleteObjects: 0.080600 ms)

========================================================================
Received Import Request.
  Time since last request: 1244.675173 seconds.
  path: Assets/Prefabs/Coin.prefab
  artifactKey: Guid(41c4fc594a5be1a45810fdc5cd2dc5c3) Importer(815301076,1909f56bfc062723c751e8b465ee728b)
Start importing Assets/Prefabs/Coin.prefab using Guid(41c4fc594a5be1a45810fdc5cd2dc5c3) Importer(815301076,1909f56bfc062723c751e8b465ee728b)  -> (artifact id: '7e6de34cb3dbdf936bf72f52ef9cb174') in 0.231007 seconds
  Import took 0.235843 seconds .

========================================================================
Received Import Request.
  Time since last request: 0.000373 seconds.
  path: Assets/Prefabs/Door.prefab
  artifactKey: Guid(0116417cd85558b46bf46aba59fca12b) Importer(815301076,1909f56bfc062723c751e8b465ee728b)
Start importing Assets/Prefabs/Door.prefab using Guid(0116417cd85558b46bf46aba59fca12b) Importer(815301076,1909f56bfc062723c751e8b465ee728b)  -> (artifact id: '8d4a9aa31d98029b27714d0a0219951e') in 0.069364 seconds
  Import took 0.077680 seconds .

========================================================================
Received Prepare
Registering precompiled user dll's ...
Registered in 0.001455 seconds.
Begin MonoManager ReloadAssembly
Native extension for WindowsStandalone target not found
Native extension for WebGL target not found
Refreshing native plugins compatible for Editor in 0.46 ms, found 0 plugins.
Preloading 0 native plugins for Editor in 0.00 ms.
Invoked RoslynAnalysisRunner static constructor.
RoslynAnalysisRunner will not be running.
RoslynAnalysisRunner has terminated.
Mono: successfully reloaded assembly
- Completed reload, in  2.774 seconds
Platform modules already initialized, skipping
Refreshing native plugins compatible for Editor in 0.71 ms, found 0 plugins.
Preloading 0 native plugins for Editor in 0.00 ms.
Unloading 1156 Unused Serialized files (Serialized files now loaded: 0)
System memory in use before: 62.1 MB.
System memory in use after: 62.2 MB.

Unloading 6 unused Assets to reduce memory usage. Loaded Objects now: 1664.
Total: 3.918200 ms (FindLiveObjects: 0.312800 ms CreateObjectMapping: 0.061500 ms MarkObjects: 3.455300 ms  DeleteObjects: 0.084100 ms)

========================================================================
Received Prepare
Registering precompiled user dll's ...
Registered in 0.005485 seconds.
Begin MonoManager ReloadAssembly
Native extension for WindowsStandalone target not found
Native extension for WebGL target not found
Refreshing native plugins compatible for Editor in 0.60 ms, found 0 plugins.
Preloading 0 native plugins for Editor in 0.00 ms.
Invoked RoslynAnalysisRunner static constructor.
RoslynAnalysisRunner will not be running.
RoslynAnalysisRunner has terminated.
Mono: successfully reloaded assembly
- Completed reload, in  2.076 seconds
Platform modules already initialized, skipping
Refreshing native plugins compatible for Editor in 0.37 ms, found 0 plugins.
Preloading 0 native plugins for Editor in 0.00 ms.
Unloading 1156 Unused Serialized files (Serialized files now loaded: 0)
System memory in use before: 62.1 MB.
System memory in use after: 62.2 MB.

Unloading 5 unused Assets to reduce memory usage. Loaded Objects now: 1667.
Total: 4.320000 ms (FindLiveObjects: 0.307300 ms CreateObjectMapping: 0.152800 ms MarkObjects: 3.730500 ms  DeleteObjects: 0.125400 ms)

========================================================================
Received Import Request.
  Time since last request: 608.953302 seconds.
  path: Assets/Materials/coin.mat
  artifactKey: Guid(982e7cea95f07b347846d38bde16048a) Importer(815301076,1909f56bfc062723c751e8b465ee728b)
Start importing Assets/Materials/coin.mat using Guid(982e7cea95f07b347846d38bde16048a) Importer(815301076,1909f56bfc062723c751e8b465ee728b)  -> (artifact id: 'd0e9b50dee5802688dcd1ff2a6ddab6d') in 0.402934 seconds
  Import took 0.426305 seconds .

========================================================================
Received Import Request.
  Time since last request: 0.000371 seconds.
  path: Assets/Materials/red.mat
  artifactKey: Guid(6ddf737ee138e8f4988e550870861e90) Importer(815301076,1909f56bfc062723c751e8b465ee728b)
Start importing Assets/Materials/red.mat using Guid(6ddf737ee138e8f4988e550870861e90) Importer(815301076,1909f56bfc062723c751e8b465ee728b)  -> (artifact id: '3a76641d5ab9db2fdb06143ea2ae5927') in 0.088191 seconds
  Import took 0.117647 seconds .

========================================================================
Received Import Request.
  Time since last request: 0.006567 seconds.
  path: Assets/Materials/red.mat
  artifactKey: Guid(6ddf737ee138e8f4988e550870861e90) Importer(815301076,1909f56bfc062723c751e8b465ee728b)
Start importing Assets/Materials/red.mat using Guid(6ddf737ee138e8f4988e550870861e90) Importer(815301076,1909f56bfc062723c751e8b465ee728b)  -> (artifact id: '3a76641d5ab9db2fdb06143ea2ae5927') in 0.106694 seconds
  Import took 0.124824 seconds .

========================================================================
Received Import Request.
  Time since last request: 1.987039 seconds.
  path: Assets/Images/WoodTexture/WoodFineDark004_NRM_2K.jpg
  artifactKey: Guid(3edd037ec1ea71845a4f3b72cb9dc921) Importer(815301076,1909f56bfc062723c751e8b465ee728b)
Start importing Assets/Images/WoodTexture/WoodFineDark004_NRM_2K.jpg using Guid(3edd037ec1ea71845a4f3b72cb9dc921) Importer(815301076,1909f56bfc062723c751e8b465ee728b)  -> (artifact id: '04294d12159485cb7481dea2297ad661') in 0.451287 seconds
  Import took 0.455558 seconds .

========================================================================
Received Prepare
Registering precompiled user dll's ...
Registered in 0.000777 seconds.
Begin MonoManager ReloadAssembly
Native extension for WindowsStandalone target not found
Native extension for WebGL target not found
Refreshing native plugins compatible for Editor in 0.27 ms, found 0 plugins.
Preloading 0 native plugins for Editor in 0.00 ms.
Invoked RoslynAnalysisRunner static constructor.
RoslynAnalysisRunner will not be running.
RoslynAnalysisRunner has terminated.
Mono: successfully reloaded assembly
- Completed reload, in  1.510 seconds
Platform modules already initialized, skipping
Refreshing native plugins compatible for Editor in 0.26 ms, found 0 plugins.
Preloading 0 native plugins for Editor in 0.00 ms.
Unloading 1156 Unused Serialized files (Serialized files now loaded: 0)
System memory in use before: 62.4 MB.
System memory in use after: 62.5 MB.

Unloading 5 unused Assets to reduce memory usage. Loaded Objects now: 1706.
Total: 2.332900 ms (FindLiveObjects: 0.238600 ms CreateObjectMapping: 0.121500 ms MarkObjects: 1.893400 ms  DeleteObjects: 0.076800 ms)

========================================================================
Received Import Request.
  Time since last request: 2138.311958 seconds.
  path: Assets/Scripts/ActionsManager.cs
  artifactKey: Guid(e6d1e4c9d92d6dd408b4ddc3fc0ef579) Importer(815301076,1909f56bfc062723c751e8b465ee728b)
Start importing Assets/Scripts/ActionsManager.cs using Guid(e6d1e4c9d92d6dd408b4ddc3fc0ef579) Importer(815301076,1909f56bfc062723c751e8b465ee728b)  -> (artifact id: '3cb876561fc7e1f25767a9c5f7b14751') in 0.072072 seconds
  Import took 0.075254 seconds .

========================================================================
Received Import Request.
  Time since last request: 69.388626 seconds.
  path: Assets/Scripts/ActionsManager.cs
  artifactKey: Guid(e6d1e4c9d92d6dd408b4ddc3fc0ef579) Importer(815301076,1909f56bfc062723c751e8b465ee728b)
Start importing Assets/Scripts/ActionsManager.cs using Guid(e6d1e4c9d92d6dd408b4ddc3fc0ef579) Importer(815301076,1909f56bfc062723c751e8b465ee728b)  -> (artifact id: '3a1d07f76f283ce595a3d64d4701334a') in 0.008570 seconds
  Import took 0.013237 seconds .

========================================================================
Received Import Request.
  Time since last request: 10.827970 seconds.
  path: Assets/Scripts/UsableObjects.cs
  artifactKey: Guid(b7133c3e49a81514f95352f39c4e3800) Importer(815301076,1909f56bfc062723c751e8b465ee728b)
Start importing Assets/Scripts/UsableObjects.cs using Guid(b7133c3e49a81514f95352f39c4e3800) Importer(815301076,1909f56bfc062723c751e8b465ee728b)  -> (artifact id: '7fe1ecd856006caba1202a7e795a5914') in 0.107388 seconds
  Import took 0.110632 seconds .

========================================================================
Received Prepare
Registering precompiled user dll's ...
Registered in 0.000910 seconds.
Begin MonoManager ReloadAssembly
Native extension for WindowsStandalone target not found
Native extension for WebGL target not found
Refreshing native plugins compatible for Editor in 0.28 ms, found 0 plugins.
Preloading 0 native plugins for Editor in 0.00 ms.
Invoked RoslynAnalysisRunner static constructor.
RoslynAnalysisRunner will not be running.
RoslynAnalysisRunner has terminated.
Mono: successfully reloaded assembly
- Completed reload, in  2.260 seconds
Platform modules already initialized, skipping
Refreshing native plugins compatible for Editor in 0.50 ms, found 0 plugins.
Preloading 0 native plugins for Editor in 0.00 ms.
Unloading 1157 Unused Serialized files (Serialized files now loaded: 0)
System memory in use before: 62.4 MB.
System memory in use after: 62.5 MB.

Unloading 5 unused Assets to reduce memory usage. Loaded Objects now: 1710.
Total: 7.120000 ms (FindLiveObjects: 4.948000 ms CreateObjectMapping: 0.256800 ms MarkObjects: 1.837600 ms  DeleteObjects: 0.076400 ms)

========================================================================
Received Prepare
Registering precompiled user dll's ...
Registered in 0.000855 seconds.
Begin MonoManager ReloadAssembly
Native extension for WindowsStandalone target not found
Native extension for WebGL target not found
Refreshing native plugins compatible for Editor in 0.88 ms, found 0 plugins.
Preloading 0 native plugins for Editor in 0.00 ms.
Invoked RoslynAnalysisRunner static constructor.
RoslynAnalysisRunner will not be running.
RoslynAnalysisRunner has terminated.
Mono: successfully reloaded assembly
- Completed reload, in  0.960 seconds
Platform modules already initialized, skipping
Refreshing native plugins compatible for Editor in 0.22 ms, found 0 plugins.
Preloading 0 native plugins for Editor in 0.00 ms.
Unloading 1157 Unused Serialized files (Serialized files now loaded: 0)
System memory in use before: 62.4 MB.
System memory in use after: 62.5 MB.

Unloading 5 unused Assets to reduce memory usage. Loaded Objects now: 1713.
Total: 1.967800 ms (FindLiveObjects: 0.211300 ms CreateObjectMapping: 0.054300 ms MarkObjects: 1.647100 ms  DeleteObjects: 0.053600 ms)

========================================================================
Received Import Request.
  Time since last request: 39.229157 seconds.
  path: Assets/Scripts/UsableObjects.cs
  artifactKey: Guid(b7133c3e49a81514f95352f39c4e3800) Importer(815301076,1909f56bfc062723c751e8b465ee728b)
Start importing Assets/Scripts/UsableObjects.cs using Guid(b7133c3e49a81514f95352f39c4e3800) Importer(815301076,1909f56bfc062723c751e8b465ee728b)  -> (artifact id: '9fba31de19bb9724217bd1d86eac1ec8') in 0.004087 seconds
  Import took 0.006444 seconds .

========================================================================
Received Import Request.
  Time since last request: 49.734705 seconds.
  path: Assets/Prefabs/weapons
  artifactKey: Guid(42a10e261444b034b9c2e12fcda562a3) Importer(815301076,1909f56bfc062723c751e8b465ee728b)
Start importing Assets/Prefabs/weapons using Guid(42a10e261444b034b9c2e12fcda562a3) Importer(815301076,1909f56bfc062723c751e8b465ee728b)  -> (artifact id: '82fa42e21033754cb2208d5571385e05') in 0.010294 seconds
  Import took 0.013416 seconds .

========================================================================
Received Import Request.
  Time since last request: 0.057689 seconds.
  path: Assets/Prefabs/weapons/Sword1.prefab
  artifactKey: Guid(1b87fe6f30bf25f4c8d7ecbd7600cf86) Importer(815301076,1909f56bfc062723c751e8b465ee728b)
Start importing Assets/Prefabs/weapons/Sword1.prefab using Guid(1b87fe6f30bf25f4c8d7ecbd7600cf86) Importer(815301076,1909f56bfc062723c751e8b465ee728b)  -> (artifact id: 'f5f8bd8430284d797674e9f312c79a47') in 0.074807 seconds
  Import took 0.078576 seconds .

========================================================================
Received Import Request.
  Time since last request: 0.000298 seconds.
  path: Assets/Prefabs/weapons/Sword2.prefab
  artifactKey: Guid(5b0f796bff1d5874f8f12fce3aacfe4a) Importer(815301076,1909f56bfc062723c751e8b465ee728b)
Start importing Assets/Prefabs/weapons/Sword2.prefab using Guid(5b0f796bff1d5874f8f12fce3aacfe4a) Importer(815301076,1909f56bfc062723c751e8b465ee728b)  -> (artifact id: '11a9a631ae7994a1206f7dd2a4d118c2') in 0.018143 seconds
  Import took 0.020657 seconds .

========================================================================
Received Import Request.
  Time since last request: 44.075140 seconds.
  path: Assets/Materials/New Material.mat
  artifactKey: Guid(545ede9b800ba3f4baaba45f3c33b131) Importer(815301076,1909f56bfc062723c751e8b465ee728b)
Start importing Assets/Materials/New Material.mat using Guid(545ede9b800ba3f4baaba45f3c33b131) Importer(815301076,1909f56bfc062723c751e8b465ee728b)  -> (artifact id: '67ac1da5b4c5b0351d8d8569e7cc3b06') in 0.041007 seconds
  Import took 0.043973 seconds .

========================================================================
Received Prepare
Registering precompiled user dll's ...
Registered in 0.000598 seconds.
Begin MonoManager ReloadAssembly
Native extension for WindowsStandalone target not found
Native extension for WebGL target not found
Refreshing native plugins compatible for Editor in 0.30 ms, found 0 plugins.
Preloading 0 native plugins for Editor in 0.00 ms.
Invoked RoslynAnalysisRunner static constructor.
RoslynAnalysisRunner will not be running.
RoslynAnalysisRunner has terminated.
Mono: successfully reloaded assembly
- Completed reload, in  0.991 seconds
Platform modules already initialized, skipping
Refreshing native plugins compatible for Editor in 0.22 ms, found 0 plugins.
Preloading 0 native plugins for Editor in 0.00 ms.
Unloading 1158 Unused Serialized files (Serialized files now loaded: 0)
System memory in use before: 62.5 MB.
System memory in use after: 62.5 MB.

Unloading 5 unused Assets to reduce memory usage. Loaded Objects now: 1718.
Total: 1.823000 ms (FindLiveObjects: 0.141000 ms CreateObjectMapping: 0.039400 ms MarkObjects: 1.593300 ms  DeleteObjects: 0.048300 ms)

========================================================================
Received Prepare
Registering precompiled user dll's ...
Registered in 0.000725 seconds.
Begin MonoManager ReloadAssembly
Native extension for WindowsStandalone target not found
Native extension for WebGL target not found
Refreshing native plugins compatible for Editor in 0.25 ms, found 0 plugins.
Preloading 0 native plugins for Editor in 0.00 ms.
Invoked RoslynAnalysisRunner static constructor.
RoslynAnalysisRunner will not be running.
RoslynAnalysisRunner has terminated.
Mono: successfully reloaded assembly
- Completed reload, in  0.937 seconds
Platform modules already initialized, skipping
Refreshing native plugins compatible for Editor in 0.21 ms, found 0 plugins.
Preloading 0 native plugins for Editor in 0.00 ms.
Unloading 1158 Unused Serialized files (Serialized files now loaded: 0)
System memory in use before: 62.5 MB.
System memory in use after: 62.5 MB.

Unloading 5 unused Assets to reduce memory usage. Loaded Objects now: 1721.
Total: 2.022100 ms (FindLiveObjects: 0.229600 ms CreateObjectMapping: 0.083800 ms MarkObjects: 1.634100 ms  DeleteObjects: 0.072900 ms)

========================================================================
Received Import Request.
  Time since last request: 68.974179 seconds.
  path: Assets/Scripts/Sword.cs
  artifactKey: Guid(a3b4424c6d1f7524cb31e10faa6527a0) Importer(815301076,1909f56bfc062723c751e8b465ee728b)
Start importing Assets/Scripts/Sword.cs using Guid(a3b4424c6d1f7524cb31e10faa6527a0) Importer(815301076,1909f56bfc062723c751e8b465ee728b)  -> (artifact id: 'a0d7fa6af2fd9c77e85472ff151447ac') in 0.010707 seconds
  Import took 0.013890 seconds .

========================================================================
Received Prepare
Registering precompiled user dll's ...
Registered in 0.000878 seconds.
Begin MonoManager ReloadAssembly
Native extension for WindowsStandalone target not found
Native extension for WebGL target not found
Refreshing native plugins compatible for Editor in 0.24 ms, found 0 plugins.
Preloading 0 native plugins for Editor in 0.00 ms.
Invoked RoslynAnalysisRunner static constructor.
RoslynAnalysisRunner will not be running.
RoslynAnalysisRunner has terminated.
Mono: successfully reloaded assembly
- Completed reload, in  0.953 seconds
Platform modules already initialized, skipping
Refreshing native plugins compatible for Editor in 0.22 ms, found 0 plugins.
Preloading 0 native plugins for Editor in 0.00 ms.
Unloading 1158 Unused Serialized files (Serialized files now loaded: 0)
System memory in use before: 62.5 MB.
System memory in use after: 62.6 MB.

Unloading 5 unused Assets to reduce memory usage. Loaded Objects now: 1724.
Total: 2.665000 ms (FindLiveObjects: 0.234800 ms CreateObjectMapping: 0.069600 ms MarkObjects: 2.296600 ms  DeleteObjects: 0.063000 ms)

========================================================================
Received Import Request.
  Time since last request: 24.427968 seconds.
  path: Assets/Scripts/Sword.cs
  artifactKey: Guid(a3b4424c6d1f7524cb31e10faa6527a0) Importer(815301076,1909f56bfc062723c751e8b465ee728b)
Start importing Assets/Scripts/Sword.cs using Guid(a3b4424c6d1f7524cb31e10faa6527a0) Importer(815301076,1909f56bfc062723c751e8b465ee728b)  -> (artifact id: 'eed8c63f25e4519a7ad1f7d535861e8b') in 0.004464 seconds
  Import took 0.007074 seconds .

========================================================================
Received Prepare
Registering precompiled user dll's ...
Registered in 0.000789 seconds.
Begin MonoManager ReloadAssembly
Native extension for WindowsStandalone target not found
Native extension for WebGL target not found
Refreshing native plugins compatible for Editor in 0.22 ms, found 0 plugins.
Preloading 0 native plugins for Editor in 0.00 ms.
Invoked RoslynAnalysisRunner static constructor.
RoslynAnalysisRunner will not be running.
RoslynAnalysisRunner has terminated.
Mono: successfully reloaded assembly
- Completed reload, in  0.968 seconds
Platform modules already initialized, skipping
Refreshing native plugins compatible for Editor in 0.23 ms, found 0 plugins.
Preloading 0 native plugins for Editor in 0.00 ms.
Unloading 1158 Unused Serialized files (Serialized files now loaded: 0)
System memory in use before: 62.5 MB.
System memory in use after: 62.6 MB.

Unloading 5 unused Assets to reduce memory usage. Loaded Objects now: 1727.
Total: 2.747200 ms (FindLiveObjects: 0.293000 ms CreateObjectMapping: 0.110900 ms MarkObjects: 2.274700 ms  DeleteObjects: 0.066800 ms)

========================================================================
Received Import Request.
  Time since last request: 280.168509 seconds.
  path: Assets/Prefabs/weapons/Sword1.prefab
  artifactKey: Guid(1b87fe6f30bf25f4c8d7ecbd7600cf86) Importer(815301076,1909f56bfc062723c751e8b465ee728b)
Start importing Assets/Prefabs/weapons/Sword1.prefab using Guid(1b87fe6f30bf25f4c8d7ecbd7600cf86) Importer(815301076,1909f56bfc062723c751e8b465ee728b)  -> (artifact id: '1f963d6329986e9ee36d0f13417cfcb0') in 0.060590 seconds
  Import took 0.063829 seconds .

========================================================================
Received Prepare
Registering precompiled user dll's ...
Registered in 0.000892 seconds.
Begin MonoManager ReloadAssembly
Native extension for WindowsStandalone target not found
Native extension for WebGL target not found
Refreshing native plugins compatible for Editor in 0.23 ms, found 0 plugins.
Preloading 0 native plugins for Editor in 0.00 ms.
Invoked RoslynAnalysisRunner static constructor.
RoslynAnalysisRunner will not be running.
RoslynAnalysisRunner has terminated.
Mono: successfully reloaded assembly
- Completed reload, in  0.958 seconds
Platform modules already initialized, skipping
Refreshing native plugins compatible for Editor in 0.24 ms, found 0 plugins.
Preloading 0 native plugins for Editor in 0.00 ms.
Unloading 1158 Unused Serialized files (Serialized files now loaded: 0)
System memory in use before: 62.5 MB.
System memory in use after: 62.6 MB.

Unloading 5 unused Assets to reduce memory usage. Loaded Objects now: 1731.
Total: 2.394800 ms (FindLiveObjects: 0.254300 ms CreateObjectMapping: 0.048100 ms MarkObjects: 2.035300 ms  DeleteObjects: 0.055500 ms)

========================================================================
Received Import Request.
  Time since last request: 13.885945 seconds.
  path: Assets/Prefabs/weapons/Sword1.prefab
  artifactKey: Guid(1b87fe6f30bf25f4c8d7ecbd7600cf86) Importer(815301076,1909f56bfc062723c751e8b465ee728b)
Start importing Assets/Prefabs/weapons/Sword1.prefab using Guid(1b87fe6f30bf25f4c8d7ecbd7600cf86) Importer(815301076,1909f56bfc062723c751e8b465ee728b)  -> (artifact id: '36b8635f1e92f03442d28b8d524afe8c') in 0.060187 seconds
  Import took 0.062977 seconds .

========================================================================
Received Import Request.
  Time since last request: 0.433022 seconds.
  path: Assets/Prefabs/weapons/Sword1.prefab
  artifactKey: Guid(1b87fe6f30bf25f4c8d7ecbd7600cf86) Importer(815301076,1909f56bfc062723c751e8b465ee728b)
Start importing Assets/Prefabs/weapons/Sword1.prefab using Guid(1b87fe6f30bf25f4c8d7ecbd7600cf86) Importer(815301076,1909f56bfc062723c751e8b465ee728b)  -> (artifact id: 'd3dfe56e46b1c8249251cc40b258babb') in 0.014638 seconds
  Import took 0.018220 seconds .

========================================================================
Received Import Request.
  Time since last request: 0.012584 seconds.
  path: Assets/Prefabs/weapons/Sword1.prefab
  artifactKey: Guid(1b87fe6f30bf25f4c8d7ecbd7600cf86) Importer(815301076,1909f56bfc062723c751e8b465ee728b)
Start importing Assets/Prefabs/weapons/Sword1.prefab using Guid(1b87fe6f30bf25f4c8d7ecbd7600cf86) Importer(815301076,1909f56bfc062723c751e8b465ee728b)  -> (artifact id: 'd3dfe56e46b1c8249251cc40b258babb') in 0.012874 seconds
  Import took 0.017224 seconds .

========================================================================
Received Import Request.
  Time since last request: 1.749281 seconds.
  path: Assets/Prefabs/weapons/Sword1.prefab
  artifactKey: Guid(1b87fe6f30bf25f4c8d7ecbd7600cf86) Importer(815301076,1909f56bfc062723c751e8b465ee728b)
Start importing Assets/Prefabs/weapons/Sword1.prefab using Guid(1b87fe6f30bf25f4c8d7ecbd7600cf86) Importer(815301076,1909f56bfc062723c751e8b465ee728b)  -> (artifact id: 'ca4055abddda6105ab0ab035c9f386a4') in 0.019455 seconds
  Import took 0.023301 seconds .

========================================================================
Received Import Request.
  Time since last request: 0.011525 seconds.
  path: Assets/Prefabs/weapons/Sword1.prefab
  artifactKey: Guid(1b87fe6f30bf25f4c8d7ecbd7600cf86) Importer(815301076,1909f56bfc062723c751e8b465ee728b)
Start importing Assets/Prefabs/weapons/Sword1.prefab using Guid(1b87fe6f30bf25f4c8d7ecbd7600cf86) Importer(815301076,1909f56bfc062723c751e8b465ee728b)  -> (artifact id: 'ca4055abddda6105ab0ab035c9f386a4') in 0.016284 seconds
  Import took 0.021715 seconds .

========================================================================
Received Prepare
Registering precompiled user dll's ...
Registered in 0.000908 seconds.
Begin MonoManager ReloadAssembly
Native extension for WindowsStandalone target not found
Native extension for WebGL target not found
Refreshing native plugins compatible for Editor in 0.23 ms, found 0 plugins.
Preloading 0 native plugins for Editor in 0.00 ms.
Invoked RoslynAnalysisRunner static constructor.
RoslynAnalysisRunner will not be running.
RoslynAnalysisRunner has terminated.
Mono: successfully reloaded assembly
- Completed reload, in  0.843 seconds
Platform modules already initialized, skipping
Refreshing native plugins compatible for Editor in 0.22 ms, found 0 plugins.
Preloading 0 native plugins for Editor in 0.00 ms.
Unloading 1158 Unused Serialized files (Serialized files now loaded: 0)
System memory in use before: 62.5 MB.
System memory in use after: 62.6 MB.

Unloading 5 unused Assets to reduce memory usage. Loaded Objects now: 1735.
Total: 1.975500 ms (FindLiveObjects: 0.183700 ms CreateObjectMapping: 0.052800 ms MarkObjects: 1.680100 ms  DeleteObjects: 0.057400 ms)

========================================================================
Received Prepare
Registering precompiled user dll's ...
Registered in 0.000752 seconds.
Begin MonoManager ReloadAssembly
Native extension for WindowsStandalone target not found
Native extension for WebGL target not found
Refreshing native plugins compatible for Editor in 0.26 ms, found 0 plugins.
Preloading 0 native plugins for Editor in 0.00 ms.
Invoked RoslynAnalysisRunner static constructor.
RoslynAnalysisRunner will not be running.
RoslynAnalysisRunner has terminated.
Mono: successfully reloaded assembly
- Completed reload, in  1.149 seconds
Platform modules already initialized, skipping
Refreshing native plugins compatible for Editor in 0.37 ms, found 0 plugins.
Preloading 0 native plugins for Editor in 0.00 ms.
Unloading 1158 Unused Serialized files (Serialized files now loaded: 0)
System memory in use before: 62.5 MB.
System memory in use after: 62.6 MB.

Unloading 5 unused Assets to reduce memory usage. Loaded Objects now: 1738.
Total: 2.306800 ms (FindLiveObjects: 0.195000 ms CreateObjectMapping: 0.052300 ms MarkObjects: 1.996100 ms  DeleteObjects: 0.061200 ms)

========================================================================
Received Prepare
Registering precompiled user dll's ...
Registered in 0.001812 seconds.
Begin MonoManager ReloadAssembly
Native extension for WindowsStandalone target not found
Native extension for WebGL target not found
Refreshing native plugins compatible for Editor in 0.73 ms, found 0 plugins.
Preloading 0 native plugins for Editor in 0.00 ms.
Invoked RoslynAnalysisRunner static constructor.
RoslynAnalysisRunner will not be running.
RoslynAnalysisRunner has terminated.
Mono: successfully reloaded assembly
- Completed reload, in  2.557 seconds
Platform modules already initialized, skipping
Refreshing native plugins compatible for Editor in 0.39 ms, found 0 plugins.
Preloading 0 native plugins for Editor in 0.00 ms.
Unloading 1158 Unused Serialized files (Serialized files now loaded: 0)
System memory in use before: 62.5 MB.
System memory in use after: 62.6 MB.

Unloading 5 unused Assets to reduce memory usage. Loaded Objects now: 1741.
Total: 6.475500 ms (FindLiveObjects: 0.953100 ms CreateObjectMapping: 0.200200 ms MarkObjects: 5.210800 ms  DeleteObjects: 0.108300 ms)

========================================================================
Received Prepare
Registering precompiled user dll's ...
Registered in 0.000737 seconds.
Begin MonoManager ReloadAssembly
Native extension for WindowsStandalone target not found
Native extension for WebGL target not found
Refreshing native plugins compatible for Editor in 0.26 ms, found 0 plugins.
Preloading 0 native plugins for Editor in 0.00 ms.
Invoked RoslynAnalysisRunner static constructor.
RoslynAnalysisRunner will not be running.
RoslynAnalysisRunner has terminated.
Mono: successfully reloaded assembly
- Completed reload, in  1.189 seconds
Platform modules already initialized, skipping
Refreshing native plugins compatible for Editor in 0.26 ms, found 0 plugins.
Preloading 0 native plugins for Editor in 0.00 ms.
Unloading 1158 Unused Serialized files (Serialized files now loaded: 0)
System memory in use before: 62.5 MB.
System memory in use after: 62.6 MB.

Unloading 5 unused Assets to reduce memory usage. Loaded Objects now: 1744.
Total: 2.719500 ms (FindLiveObjects: 0.302700 ms CreateObjectMapping: 0.138400 ms MarkObjects: 2.206300 ms  DeleteObjects: 0.070500 ms)

========================================================================
Received Prepare
Registering precompiled user dll's ...
Registered in 0.000748 seconds.
Begin MonoManager ReloadAssembly
Native extension for WindowsStandalone target not found
Native extension for WebGL target not found
Refreshing native plugins compatible for Editor in 0.50 ms, found 0 plugins.
Preloading 0 native plugins for Editor in 0.00 ms.
Invoked RoslynAnalysisRunner static constructor.
RoslynAnalysisRunner will not be running.
RoslynAnalysisRunner has terminated.
Mono: successfully reloaded assembly
- Completed reload, in  1.697 seconds
Platform modules already initialized, skipping
Refreshing native plugins compatible for Editor in 0.31 ms, found 0 plugins.
Preloading 0 native plugins for Editor in 0.00 ms.
Unloading 1158 Unused Serialized files (Serialized files now loaded: 0)
System memory in use before: 62.5 MB.
System memory in use after: 62.6 MB.

Unloading 5 unused Assets to reduce memory usage. Loaded Objects now: 1747.
Total: 4.184300 ms (FindLiveObjects: 0.425000 ms CreateObjectMapping: 0.150400 ms MarkObjects: 3.544800 ms  DeleteObjects: 0.061500 ms)

========================================================================
Received Import Request.
  Time since last request: 2618.777905 seconds.
  path: Assets/Prefabs/weapons/Sword2.prefab
  artifactKey: Guid(5b0f796bff1d5874f8f12fce3aacfe4a) Importer(815301076,1909f56bfc062723c751e8b465ee728b)
Start importing Assets/Prefabs/weapons/Sword2.prefab using Guid(5b0f796bff1d5874f8f12fce3aacfe4a) Importer(815301076,1909f56bfc062723c751e8b465ee728b)  -> (artifact id: '7953955622533355e0bd0da9d9aaf6d6') in 0.282747 seconds
  Import took 0.302011 seconds .

========================================================================
Received Import Request.
  Time since last request: 44.639822 seconds.
  path: Assets/Materials/sword.mat
  artifactKey: Guid(545ede9b800ba3f4baaba45f3c33b131) Importer(815301076,1909f56bfc062723c751e8b465ee728b)
Start importing Assets/Materials/sword.mat using Guid(545ede9b800ba3f4baaba45f3c33b131) Importer(815301076,1909f56bfc062723c751e8b465ee728b)  -> (artifact id: 'b2c3b8da8f84c15d4f501b575b2d76f1') in 0.101316 seconds
  Import took 0.118592 seconds .

========================================================================
Received Import Request.
  Time since last request: 9.393495 seconds.
  path: Assets/Prefabs/weapons/Sword2.prefab
  artifactKey: Guid(5b0f796bff1d5874f8f12fce3aacfe4a) Importer(815301076,1909f56bfc062723c751e8b465ee728b)
Start importing Assets/Prefabs/weapons/Sword2.prefab using Guid(5b0f796bff1d5874f8f12fce3aacfe4a) Importer(815301076,1909f56bfc062723c751e8b465ee728b)  -> (artifact id: '5da5d222d65c32455305da5a6f61c485') in 0.093729 seconds
  Import took 0.182346 seconds .

========================================================================
Received Import Request.
  Time since last request: 12.659341 seconds.
  path: Assets/Prefabs/weapons/Sword1.prefab
  artifactKey: Guid(1b87fe6f30bf25f4c8d7ecbd7600cf86) Importer(815301076,1909f56bfc062723c751e8b465ee728b)
Start importing Assets/Prefabs/weapons/Sword1.prefab using Guid(1b87fe6f30bf25f4c8d7ecbd7600cf86) Importer(815301076,1909f56bfc062723c751e8b465ee728b)  -> (artifact id: '07e4b81edf5fcda829f9fecd26b16acc') in 0.121993 seconds
  Import took 0.132885 seconds .

========================================================================
Received Import Request.
  Time since last request: 30.798669 seconds.
  path: Assets/Prefabs/weapons/Sword1.prefab
  artifactKey: Guid(1b87fe6f30bf25f4c8d7ecbd7600cf86) Importer(815301076,1909f56bfc062723c751e8b465ee728b)
Start importing Assets/Prefabs/weapons/Sword1.prefab using Guid(1b87fe6f30bf25f4c8d7ecbd7600cf86) Importer(815301076,1909f56bfc062723c751e8b465ee728b)  -> (artifact id: '383ffdad08f5c4db35d3d1e5a47622a4') in 0.038908 seconds
  Import took 0.046627 seconds .

========================================================================
Received Prepare
Registering precompiled user dll's ...
Registered in 0.001711 seconds.
Begin MonoManager ReloadAssembly
Native extension for WindowsStandalone target not found
Native extension for WebGL target not found
Refreshing native plugins compatible for Editor in 0.70 ms, found 0 plugins.
Preloading 0 native plugins for Editor in 0.00 ms.
Invoked RoslynAnalysisRunner static constructor.
RoslynAnalysisRunner will not be running.
RoslynAnalysisRunner has terminated.
Mono: successfully reloaded assembly
- Completed reload, in  3.110 seconds
Platform modules already initialized, skipping
Refreshing native plugins compatible for Editor in 0.27 ms, found 0 plugins.
Preloading 0 native plugins for Editor in 0.00 ms.
Unloading 1158 Unused Serialized files (Serialized files now loaded: 0)
System memory in use before: 62.5 MB.
System memory in use after: 62.6 MB.

Unloading 5 unused Assets to reduce memory usage. Loaded Objects now: 1751.
Total: 16.701300 ms (FindLiveObjects: 12.470500 ms CreateObjectMapping: 0.998400 ms MarkObjects: 3.143000 ms  DeleteObjects: 0.086200 ms)

========================================================================
Received Import Request.
  Time since last request: 853.023407 seconds.
  path: Assets/Images/Sprites/sword.jpg
  artifactKey: Guid(bcde349719c52d047914070d26c2676f) Importer(815301076,1909f56bfc062723c751e8b465ee728b)
Start importing Assets/Images/Sprites/sword.jpg using Guid(bcde349719c52d047914070d26c2676f) Importer(815301076,1909f56bfc062723c751e8b465ee728b)  -> (artifact id: '810b036ba355826c25f0df415d9ffb93') in 9.965988 seconds
  Import took 9.971821 seconds .

========================================================================
Received Import Request.
  Time since last request: 0.416431 seconds.
  path: Assets/Images/Sprites/sword.png
  artifactKey: Guid(ef2ef30bedd4d0341bf85750354e0856) Importer(815301076,1909f56bfc062723c751e8b465ee728b)
Start importing Assets/Images/Sprites/sword.png using Guid(ef2ef30bedd4d0341bf85750354e0856) Importer(815301076,1909f56bfc062723c751e8b465ee728b)  -> (artifact id: 'd2865bc8bb13ffe4b9cfda9944487405') in 2.795212 seconds
  Import took 2.933332 seconds .

========================================================================
Received Import Request.
  Time since last request: 0.095603 seconds.
  path: Assets/Images/Sprites/sword.png
  artifactKey: Guid(ef2ef30bedd4d0341bf85750354e0856) Importer(815301076,1909f56bfc062723c751e8b465ee728b)
Start importing Assets/Images/Sprites/sword.png using Guid(ef2ef30bedd4d0341bf85750354e0856) Importer(815301076,1909f56bfc062723c751e8b465ee728b)  -> (artifact id: 'c42fac2b414d8748c6f8d55c9cc143bf') in 3.944214 seconds
  Import took 4.245888 seconds .

========================================================================
Received Prepare
Registering precompiled user dll's ...
Registered in 0.003433 seconds.
Begin MonoManager ReloadAssembly
Native extension for WindowsStandalone target not found
Native extension for WebGL target not found
Refreshing native plugins compatible for Editor in 11.19 ms, found 0 plugins.
Preloading 0 native plugins for Editor in 0.00 ms.
Invoked RoslynAnalysisRunner static constructor.
RoslynAnalysisRunner will not be running.
RoslynAnalysisRunner has terminated.
Mono: successfully reloaded assembly
- Completed reload, in 60.866 seconds
Platform modules already initialized, skipping
Refreshing native plugins compatible for Editor in 0.55 ms, found 0 plugins.
Preloading 0 native plugins for Editor in 0.00 ms.
Unloading 1158 Unused Serialized files (Serialized files now loaded: 0)
System memory in use before: 62.6 MB.
System memory in use after: 62.6 MB.

Unloading 5 unused Assets to reduce memory usage. Loaded Objects now: 1760.
Total: 20.841100 ms (FindLiveObjects: 4.550500 ms CreateObjectMapping: 0.191400 ms MarkObjects: 15.291400 ms  DeleteObjects: 0.800800 ms)

========================================================================
Received Prepare
Registering precompiled user dll's ...
Registered in 0.008167 seconds.
Begin MonoManager ReloadAssembly
Native extension for WindowsStandalone target not found
Native extension for WebGL target not found
Refreshing native plugins compatible for Editor in 0.97 ms, found 0 plugins.
Preloading 0 native plugins for Editor in 0.00 ms.
Invoked RoslynAnalysisRunner static constructor.
RoslynAnalysisRunner will not be running.
RoslynAnalysisRunner has terminated.
Mono: successfully reloaded assembly
- Completed reload, in  9.099 seconds
Platform modules already initialized, skipping
Refreshing native plugins compatible for Editor in 0.39 ms, found 0 plugins.
Preloading 0 native plugins for Editor in 0.00 ms.
Unloading 1158 Unused Serialized files (Serialized files now loaded: 0)
System memory in use before: 62.6 MB.
System memory in use after: 62.6 MB.

Unloading 5 unused Assets to reduce memory usage. Loaded Objects now: 1763.
Total: 6.217800 ms (FindLiveObjects: 0.297800 ms CreateObjectMapping: 0.069400 ms MarkObjects: 5.756000 ms  DeleteObjects: 0.091000 ms)

========================================================================
Received Prepare
Registering precompiled user dll's ...
Registered in 0.004796 seconds.
Begin MonoManager ReloadAssembly
Native extension for WindowsStandalone target not found
Native extension for WebGL target not found
Refreshing native plugins compatible for Editor in 0.93 ms, found 0 plugins.
Preloading 0 native plugins for Editor in 0.00 ms.
Invoked RoslynAnalysisRunner static constructor.
RoslynAnalysisRunner will not be running.
RoslynAnalysisRunner has terminated.
Mono: successfully reloaded assembly
- Completed reload, in  9.089 seconds
Platform modules already initialized, skipping
Refreshing native plugins compatible for Editor in 0.59 ms, found 0 plugins.
Preloading 0 native plugins for Editor in 0.00 ms.
Unloading 1158 Unused Serialized files (Serialized files now loaded: 0)
System memory in use before: 62.7 MB.
System memory in use after: 62.7 MB.

Unloading 5 unused Assets to reduce memory usage. Loaded Objects now: 1766.
Total: 6.944800 ms (FindLiveObjects: 0.390300 ms CreateObjectMapping: 0.189500 ms MarkObjects: 6.276100 ms  DeleteObjects: 0.086600 ms)

========================================================================
Received Prepare
Registering precompiled user dll's ...
Registered in 0.001145 seconds.
Begin MonoManager ReloadAssembly
Native extension for WindowsStandalone target not found
Native extension for WebGL target not found
Refreshing native plugins compatible for Editor in 0.83 ms, found 0 plugins.
Preloading 0 native plugins for Editor in 0.00 ms.
Invoked RoslynAnalysisRunner static constructor.
RoslynAnalysisRunner will not be running.
RoslynAnalysisRunner has terminated.
Mono: successfully reloaded assembly
- Completed reload, in  2.853 seconds
Platform modules already initialized, skipping
Refreshing native plugins compatible for Editor in 0.34 ms, found 0 plugins.
Preloading 0 native plugins for Editor in 0.00 ms.
Unloading 1158 Unused Serialized files (Serialized files now loaded: 0)
System memory in use before: 62.7 MB.
System memory in use after: 62.7 MB.

Unloading 5 unused Assets to reduce memory usage. Loaded Objects now: 1769.
Total: 4.583700 ms (FindLiveObjects: 0.351800 ms CreateObjectMapping: 0.121500 ms MarkObjects: 3.994400 ms  DeleteObjects: 0.112700 ms)

AssetImportWorkerClient::OnTransportError - code=2 error=End of file
